2021-07-01 10:16:52,466 INFO  [log] doggie
2021-07-01 10:16:52,470 INFO  [log] Pass
2021-07-01 10:16:52,470 INFO  [log] doggie
2021-07-01 10:16:53,438 INFO  [log] doggie
2021-07-01 10:16:53,439 INFO  [log] Pass
2021-07-01 10:16:53,440 INFO  [log] doggie
2021-07-01 10:16:53,446 INFO  [log] 9223372000000072211
2021-07-01 10:16:53,446 INFO  [log] doggie
2021-07-01 10:16:53,759 INFO  [log] doggie
2021-07-01 10:16:53,759 INFO  [log] Pass
2021-07-01 10:16:53,763 INFO  [log] doggie
2021-07-01 10:16:53,764 INFO  [log] 9223372000000072209
2021-07-01 10:16:53,765 INFO  [log] doggie
2021-07-01 10:16:54,067 INFO  [log] doggie
2021-07-01 10:16:54,068 INFO  [log] Pass
2021-07-01 10:16:54,069 INFO  [log] doggie
2021-07-01 10:16:54,070 INFO  [log] 9223372000000072212
2021-07-01 10:16:54,070 INFO  [log] doggie
2021-07-01 10:16:55,553 INFO  [log] bad input
2021-07-01 10:16:55,554 INFO  [log] Update User
2021-07-01 10:16:55,891 INFO  [log] {"code":500,"type":"unknown","message":"something bad happened"}
2021-07-01 10:16:56,232 INFO  [log] bad input
2021-07-01 10:16:56,234 INFO  [log] Update User
2021-07-01 10:16:56,532 INFO  [log] {"code":500,"type":"unknown","message":"something bad happened"}
2021-07-01 10:16:56,826 INFO  [log] bad input
2021-07-01 10:16:56,827 INFO  [log] Update User
2021-07-01 10:16:57,126 INFO  [log] {"code":500,"type":"unknown","message":"something bad happened"}
2021-07-01 10:16:57,420 INFO  [log] bad input
2021-07-01 10:16:57,421 INFO  [log] Update User
2021-07-01 10:16:57,789 INFO  [log] {"code":500,"type":"unknown","message":"something bad happened"}
2021-07-01 10:16:58,078 INFO  [log] bad input
2021-07-01 10:16:58,079 INFO  [log] Update User
2021-07-01 10:16:58,383 INFO  [log] {"code":500,"type":"unknown","message":"something bad happened"}
2021-07-01 10:16:58,667 INFO  [log] bad input
2021-07-01 10:16:58,668 INFO  [log] Update User
2021-07-01 10:16:58,974 INFO  [log] {"code":500,"type":"unknown","message":"something bad happened"}
2021-07-01 10:16:59,295 INFO  [log] bad input
2021-07-01 10:16:59,296 INFO  [log] Update User
2021-07-01 10:16:59,614 INFO  [log] {"code":500,"type":"unknown","message":"something bad happened"}
2021-07-01 10:16:59,923 INFO  [log] bad input
2021-07-01 10:16:59,923 INFO  [log] Update User
2021-07-01 10:17:00,239 INFO  [log] {"code":500,"type":"unknown","message":"something bad happened"}
2021-07-01 10:17:00,565 INFO  [log] bad input
2021-07-01 10:17:00,565 INFO  [log] Update User
2021-07-01 10:17:00,881 INFO  [log] {"code":500,"type":"unknown","message":"something bad happened"}
2021-07-01 10:17:01,180 INFO  [log] bad input
2021-07-01 10:17:01,180 INFO  [log] Update User
2021-07-01 10:17:01,466 INFO  [log] {"code":500,"type":"unknown","message":"something bad happened"}
2021-07-01 10:17:02,061 INFO  [log] Update User
2021-07-01 10:17:02,365 INFO  [log] something bad happened
2021-07-01 10:17:02,366 INFO  [log] Update User
2021-07-01 10:17:02,655 INFO  [log] something bad happened
2021-07-01 10:17:02,655 INFO  [log] Update User
2021-07-01 10:17:02,968 INFO  [log] something bad happened
2021-07-01 10:17:02,969 INFO  [log] Update User
2021-07-01 10:17:03,275 INFO  [log] something bad happened
2021-07-01 10:17:03,276 INFO  [log] Update User
2021-07-01 10:17:03,584 INFO  [log] something bad happened
2021-07-01 10:17:03,584 INFO  [log] Update User
2021-07-01 10:17:03,874 INFO  [log] something bad happened
2021-07-01 10:17:03,877 INFO  [log] Update User
2021-07-01 10:17:04,157 INFO  [log] something bad happened
2021-07-01 10:17:04,159 INFO  [log] Update User
2021-07-01 10:17:04,442 INFO  [log] something bad happened
2021-07-01 10:17:04,444 INFO  [log] Update User
2021-07-01 10:17:04,748 INFO  [log] something bad happened
2021-07-01 10:17:04,748 INFO  [log] Update User
2021-07-01 10:17:05,052 INFO  [log] something bad happened
2021-07-01 10:21:27,129 INFO  [log] doggie
2021-07-01 10:21:27,133 INFO  [log] Pass
2021-07-01 10:21:27,133 INFO  [log] doggie
2021-07-01 10:21:28,061 INFO  [log] doggie
2021-07-01 10:21:28,062 INFO  [log] Pass
2021-07-01 10:21:28,064 INFO  [log] doggie
2021-07-01 10:21:28,071 INFO  [log] 9223372000000072247
2021-07-01 10:21:28,072 INFO  [log] doggie
2021-07-01 10:21:28,408 INFO  [log] doggie
2021-07-01 10:21:28,408 INFO  [log] Pass
2021-07-01 10:21:28,409 INFO  [log] doggie
2021-07-01 10:21:28,410 INFO  [log] 9223372000000072246
2021-07-01 10:21:28,410 INFO  [log] doggie
2021-07-01 10:21:28,779 INFO  [log] doggie
2021-07-01 10:21:28,779 INFO  [log] Pass
2021-07-01 10:21:28,780 INFO  [log] doggie
2021-07-01 10:21:28,782 INFO  [log] 9223372000000072248
2021-07-01 10:21:28,783 INFO  [log] doggie
2021-07-01 10:21:30,154 INFO  [log] bad input
2021-07-01 10:21:30,156 INFO  [log] Update User
2021-07-01 10:21:30,465 INFO  [log] {"code":500,"type":"unknown","message":"something bad happened"}
2021-07-01 10:21:30,780 INFO  [log] bad input
2021-07-01 10:21:30,780 INFO  [log] Update User
2021-07-01 10:21:31,083 INFO  [log] {"code":500,"type":"unknown","message":"something bad happened"}
2021-07-01 10:21:31,385 INFO  [log] bad input
2021-07-01 10:21:31,386 INFO  [log] Update User
2021-07-01 10:21:31,698 INFO  [log] {"code":500,"type":"unknown","message":"something bad happened"}
2021-07-01 10:21:32,001 INFO  [log] bad input
2021-07-01 10:21:32,003 INFO  [log] Update User
2021-07-01 10:21:32,310 INFO  [log] {"code":500,"type":"unknown","message":"something bad happened"}
2021-07-01 10:21:32,612 INFO  [log] bad input
2021-07-01 10:21:32,613 INFO  [log] Update User
2021-07-01 10:21:32,910 INFO  [log] {"code":500,"type":"unknown","message":"something bad happened"}
2021-07-01 10:21:33,206 INFO  [log] bad input
2021-07-01 10:21:33,207 INFO  [log] Update User
2021-07-01 10:21:33,501 INFO  [log] {"code":500,"type":"unknown","message":"something bad happened"}
2021-07-01 10:21:33,796 INFO  [log] bad input
2021-07-01 10:21:33,797 INFO  [log] Update User
2021-07-01 10:21:34,108 INFO  [log] {"code":500,"type":"unknown","message":"something bad happened"}
2021-07-01 10:21:34,437 INFO  [log] bad input
2021-07-01 10:21:34,438 INFO  [log] Update User
2021-07-01 10:21:34,738 INFO  [log] {"code":500,"type":"unknown","message":"something bad happened"}
2021-07-01 10:21:35,029 INFO  [log] bad input
2021-07-01 10:21:35,030 INFO  [log] Update User
2021-07-01 10:21:35,345 INFO  [log] {"code":500,"type":"unknown","message":"something bad happened"}
2021-07-01 10:21:35,652 INFO  [log] bad input
2021-07-01 10:21:35,655 INFO  [log] Update User
2021-07-01 10:21:35,954 INFO  [log] {"code":500,"type":"unknown","message":"something bad happened"}
2021-07-01 10:21:36,495 INFO  [log] Update User
2021-07-01 10:21:36,797 INFO  [log] something bad happened
2021-07-01 10:21:36,797 INFO  [log] Update User
2021-07-01 10:21:37,111 INFO  [log] something bad happened
2021-07-01 10:21:37,111 INFO  [log] Update User
2021-07-01 10:21:37,420 INFO  [log] something bad happened
2021-07-01 10:21:37,422 INFO  [log] Update User
2021-07-01 10:21:37,724 INFO  [log] something bad happened
2021-07-01 10:21:37,726 INFO  [log] Update User
2021-07-01 10:21:38,046 INFO  [log] something bad happened
2021-07-01 10:21:38,047 INFO  [log] Update User
2021-07-01 10:21:38,355 INFO  [log] something bad happened
2021-07-01 10:21:38,357 INFO  [log] Update User
2021-07-01 10:21:38,663 INFO  [log] something bad happened
2021-07-01 10:21:38,665 INFO  [log] Update User
2021-07-01 10:21:38,984 INFO  [log] something bad happened
2021-07-01 10:21:38,984 INFO  [log] Update User
2021-07-01 10:21:39,291 INFO  [log] something bad happened
2021-07-01 10:21:39,292 INFO  [log] Update User
2021-07-01 10:21:39,601 INFO  [log] something bad happened
